2023-11-12 18:12:47.388 [info] Added views:workbench.panel.markers.view in workbench.panel.markers
2023-11-12 18:12:47.388 [info] Added views:workbench.panel.output in workbench.panel.output
2023-11-12 18:12:47.388 [info] Added views:terminal in terminal
2023-11-12 18:12:47.388 [info] Added views:outline in workbench.view.explorer
2023-11-12 18:12:47.388 [info] Added views:workbench.scm in workbench.view.scm
2023-11-12 18:12:47.388 [info] Added views:workbench.view.search in workbench.view.search
2023-11-12 18:12:47.388 [info] Added views:timeline in workbench.view.explorer
2023-11-12 18:12:47.388 [info] Added views:workbench.explorer.emptyView in workbench.view.explorer
2023-11-12 18:12:47.896 [info] Added views:workbench.debug.variablesView,workbench.debug.watchExpressionsView,workbench.debug.callStackView,workbench.debug.breakPointsView in workbench.view.debug
2023-11-12 18:12:49.432 [info] Added views:~remote.forwardedPorts in ~remote.forwardedPortsContainer
2023-11-12 18:12:49.610 [info] Added views:workbench.panel.repl.view in workbench.panel.repl
2023-11-12 18:12:49.615 [info] Removed views:workbench.debug.breakPointsView,workbench.debug.callStackView,workbench.debug.watchExpressionsView,workbench.debug.variablesView from workbench.view.debug
2023-11-12 18:12:49.617 [info] Added views:workbench.debug.welcome in workbench.view.debug
2023-11-12 18:13:34.034 [info] Added views:workbench.panel.markers.view in workbench.panel.markers
2023-11-12 18:13:34.035 [info] Added views:workbench.panel.output in workbench.panel.output
2023-11-12 18:13:34.035 [info] Added views:terminal in terminal
2023-11-12 18:13:34.035 [info] Added views:outline in workbench.view.explorer
2023-11-12 18:13:34.035 [info] Added views:workbench.scm in workbench.view.scm
2023-11-12 18:13:34.035 [info] Added views:workbench.view.search in workbench.view.search
2023-11-12 18:13:34.035 [info] Added views:timeline in workbench.view.explorer
2023-11-12 18:13:34.035 [info] Added views:workbench.explorer.fileView in workbench.view.explorer
2023-11-12 18:13:35.070 [info] Added views:workbench.debug.variablesView,workbench.debug.watchExpressionsView,workbench.debug.callStackView,workbench.debug.breakPointsView in workbench.view.debug
2023-11-12 18:13:35.228 [info] Added views:workbench.panel.repl.view in workbench.panel.repl
2023-11-12 18:13:35.268 [info] Added views:~remote.forwardedPorts in ~remote.forwardedPortsContainer
